{
  "RSpec": {
    "coverage": {
      "/Users/robinsonalex/turing/projects/DateNight/app/helpers/application_helper.rb": [
        1,
        null
      ],
      "/Users/robinsonalex/turing/projects/DateNight/app/helpers/event_helper.rb": [
        1,
        null
      ],
      "/Users/robinsonalex/turing/projects/DateNight/app/helpers/eventfuls_helper.rb": [
        1,
        null
      ],
      "/Users/robinsonalex/turing/projects/DateNight/app/helpers/itineraries_helper.rb": [
        1,
        null
      ],
      "/Users/robinsonalex/turing/projects/DateNight/app/helpers/planners_helper.rb": [
        1,
        null
      ],
      "/Users/robinsonalex/turing/projects/DateNight/app/helpers/sessions_helper.rb": [
        1,
        null
      ],
      "/Users/robinsonalex/turing/projects/DateNight/app/helpers/user_helper.rb": [
        1,
        null
      ],
      "/Users/robinsonalex/turing/projects/DateNight/app/helpers/welcome_helper.rb": [
        1,
        null
      ],
      "/Users/robinsonalex/turing/projects/DateNight/app/controllers/itineraries_controller.rb": [
        1,
        1,
        0,
        0,
        null,
        null,
        1,
        0,
        0,
        0,
        0,
        0,
        0,
        null,
        0,
        0,
        null,
        null,
        null,
        1,
        0,
        0,
        null,
        null,
        1,
        0,
        0,
        0,
        0,
        null,
        null,
        1,
        null,
        1,
        0,
        null,
        null
      ],
      "/Users/robinsonalex/turing/projects/DateNight/app/controllers/application_controller.rb": [
        1,
        1,
        1,
        null,
        1,
        2,
        null,
        null,
        1,
        null,
        1,
        0,
        null,
        null,
        1,
        null,
        1,
        0,
        null,
        null,
        null
      ],
      "/Users/robinsonalex/turing/projects/DateNight/app/controllers/planners_controller.rb": [
        1,
        1,
        0,
        0,
        0,
        0,
        null,
        null,
        1,
        0,
        0,
        0,
        null,
        null
      ],
      "/Users/robinsonalex/turing/projects/DateNight/app/controllers/sessions_controller.rb": [
        1,
        1,
        2,
        2,
        2,
        2,
        null,
        0,
        0,
        null,
        null,
        null,
        1,
        0,
        0,
        null,
        null,
        1,
        null,
        1,
        2,
        null,
        null
      ],
      "/Users/robinsonalex/turing/projects/DateNight/app/jobs/email_job.rb": [
        1,
        1,
        null,
        1,
        1,
        1,
        1,
        null,
        null
      ],
      "/Users/robinsonalex/turing/projects/DateNight/app/mailers/user_mailer.rb": [
        1,
        1,
        2,
        2,
        2,
        null,
        null
      ],
      "/Users/robinsonalex/turing/projects/DateNight/app/mailers/application_mailer.rb": [
        1,
        1,
        1,
        null
      ],
      "/Users/robinsonalex/turing/projects/DateNight/app/models/event_object.rb": [
        1,
        1,
        1,
        1,
        null,
        1,
        null,
        1,
        0,
        null,
        null,
        1,
        0,
        null,
        null,
        null,
        null,
        null,
        null,
        null,
        null,
        null,
        null,
        null,
        null,
        null
      ],
      "/Users/robinsonalex/turing/projects/DateNight/app/models/itinerary_event.rb": [
        1,
        1,
        1,
        null
      ],
      "/Users/robinsonalex/turing/projects/DateNight/app/models/itinerary.rb": [
        1,
        1,
        1,
        1,
        1,
        1,
        null,
        1,
        0,
        null,
        null
      ],
      "/Users/robinsonalex/turing/projects/DateNight/app/models/user.rb": [
        1,
        1,
        1,
        null,
        1,
        2,
        2,
        2,
        2,
        2,
        2,
        null,
        null,
        null
      ],
      "/Users/robinsonalex/turing/projects/DateNight/app/models/planner.rb": [
        1,
        1,
        null,
        1,
        2,
        null,
        null,
        1,
        0,
        0,
        null,
        null,
        1,
        0,
        null,
        null,
        1,
        0,
        0,
        null,
        null,
        1,
        0,
        0,
        0,
        0,
        0,
        null,
        0,
        null,
        null
      ],
      "/Users/robinsonalex/turing/projects/DateNight/app/services/eventful_service.rb": [
        1,
        1,
        null,
        1,
        3,
        null,
        null,
        1,
        3,
        null,
        null,
        null,
        null,
        null,
        3,
        null,
        null,
        1,
        0,
        null,
        null
      ]
    },
    "timestamp": 1426780115
  }
}
